app/build/intermediates/manifest_merge_blame_file/debug/manifest-merger-blame-debug-report.txt
1<?xml version="1.0" encoding="utf-8"?>
2<!--
3    DETOX APP BLOCKER - AndroidManifest.xml
4    ======================================
5
6    IMPORTANT SETUP INSTRUCTIONS:
7    1. Build and install the app
8    2. Grant required permissions:
9       - Go to Settings > Apps > Detox > Permissions
10       - Enable "Display over other apps" (SYSTEM_ALERT_WINDOW)
11    3. Enable Accessibility Service:
12       - Go to Settings > Accessibility > Detox App Blocker
13       - Turn ON the service
14       - This is required to detect foreground apps
15    4. Disable battery optimization:
16       - Settings > Apps > Detox > Battery > Unrestricted
17-->
18<manifest xmlns:android="http://schemas.android.com/apk/res/android"
19    package="com.example.detox"
20    android:versionCode="1"
21    android:versionName="1.0" >
22
23    <uses-sdk
24        android:minSdkVersion="26"
25        android:targetSdkVersion="34" />
26
27    <!--
28        PERMISSIONS EXPLANATION:
29        - FOREGROUND_SERVICE: Required to run the persistent service
30        - SYSTEM_ALERT_WINDOW: Required to show block overlay
31        - PACKAGE_USAGE_STATS: Optional - to get app usage info
32        - RECEIVE_BOOT_COMPLETED: Optional - auto-start on boot
33    -->
34    <uses-permission android:name="android.permission.FOREGROUND_SERVICE" />
34-->src/main/AndroidManifest.xml:28:5-77
34-->src/main/AndroidManifest.xml:28:22-74
35    <uses-permission android:name="android.permission.SYSTEM_ALERT_WINDOW" />
35-->src/main/AndroidManifest.xml:29:5-78
35-->src/main/AndroidManifest.xml:29:22-75
36    <uses-permission android:name="android.permission.PACKAGE_USAGE_STATS" />
36-->src/main/AndroidManifest.xml:30:5-78
36-->src/main/AndroidManifest.xml:30:22-75
37    <uses-permission android:name="android.permission.RECEIVE_BOOT_COMPLETED" />
37-->src/main/AndroidManifest.xml:31:5-81
37-->src/main/AndroidManifest.xml:31:22-78
38
39    <permission
39-->[androidx.core:core:1.12.0] AndroidManifest.xml:22:5-24:47
40        android:name="com.example.detox.DYNAMIC_RECEIVER_NOT_EXPORTED_PERMISSION"
40-->[androidx.core:core:1.12.0] AndroidManifest.xml:23:9-81
41        android:protectionLevel="signature" />
41-->[androidx.core:core:1.12.0] AndroidManifest.xml:24:9-44
42
43    <uses-permission android:name="com.example.detox.DYNAMIC_RECEIVER_NOT_EXPORTED_PERMISSION" />
43-->[androidx.core:core:1.12.0] AndroidManifest.xml:26:5-97
43-->[androidx.core:core:1.12.0] AndroidManifest.xml:26:22-94
44
45    <application
45-->src/main/AndroidManifest.xml:33:5-94:19
46        android:name="com.example.detox.DetoxApplication"
46-->src/main/AndroidManifest.xml:34:9-41
47        android:allowBackup="true"
47-->src/main/AndroidManifest.xml:35:9-35
48        android:appComponentFactory="androidx.core.app.CoreComponentFactory"
48-->[androidx.core:core:1.12.0] AndroidManifest.xml:28:18-86
49        android:debuggable="true"
50        android:extractNativeLibs="false"
51        android:icon="@mipmap/ic_launcher"
51-->src/main/AndroidManifest.xml:36:9-43
52        android:label="@string/app_name"
52-->src/main/AndroidManifest.xml:37:9-41
53        android:roundIcon="@mipmap/ic_launcher_round"
53-->src/main/AndroidManifest.xml:38:9-54
54        android:supportsRtl="true"
54-->src/main/AndroidManifest.xml:39:9-35
55        android:theme="@style/Theme.Detox" >
55-->src/main/AndroidManifest.xml:40:9-43
56
57        <!--
58            MainActivity: Entry point of the app
59            Shows list of apps and blocked status
60        -->
61        <activity
61-->src/main/AndroidManifest.xml:47:9-54:20
62            android:name="com.example.detox.ui.MainActivity"
62-->src/main/AndroidManifest.xml:48:13-44
63            android:exported="true" >
63-->src/main/AndroidManifest.xml:49:13-36
64            <intent-filter>
64-->src/main/AndroidManifest.xml:50:13-53:29
65                <action android:name="android.intent.action.MAIN" />
65-->src/main/AndroidManifest.xml:51:17-69
65-->src/main/AndroidManifest.xml:51:25-66
66
67                <category android:name="android.intent.category.LAUNCHER" />
67-->src/main/AndroidManifest.xml:52:17-77
67-->src/main/AndroidManifest.xml:52:27-74
68            </intent-filter>
69        </activity>
70
71        <!--
72            BlockOverlayActivity: Shows "App Blocked" screen
73            NoHistory=true so it doesn't stay in back stack
74            ExcludeFromRecents=true so it's hidden from app switcher
75        -->
76        <activity
76-->src/main/AndroidManifest.xml:61:9-67:40
77            android:name="com.example.detox.ui.BlockOverlayActivity"
77-->src/main/AndroidManifest.xml:62:13-52
78            android:excludeFromRecents="true"
78-->src/main/AndroidManifest.xml:63:13-46
79            android:exported="false"
79-->src/main/AndroidManifest.xml:67:13-37
80            android:launchMode="singleTask"
80-->src/main/AndroidManifest.xml:66:13-44
81            android:noHistory="true"
81-->src/main/AndroidManifest.xml:64:13-37
82            android:theme="@style/Theme.Detox.BlockOverlay" />
82-->src/main/AndroidManifest.xml:65:13-60
83
84        <!--
85            AppBlockAccessibilityService: Detects foreground app changes
86            This is the core detection mechanism
87        -->
88        <service
88-->src/main/AndroidManifest.xml:73:9-83:19
89            android:name="com.example.detox.service.AppBlockAccessibilityService"
89-->src/main/AndroidManifest.xml:74:13-65
90            android:exported="true"
90-->src/main/AndroidManifest.xml:75:13-36
91            android:permission="android.permission.BIND_ACCESSIBILITY_SERVICE" >
91-->src/main/AndroidManifest.xml:76:13-79
92            <intent-filter>
92-->src/main/AndroidManifest.xml:77:13-79:29
93                <action android:name="android.accessibilityservice.AccessibilityService" />
93-->src/main/AndroidManifest.xml:78:17-92
93-->src/main/AndroidManifest.xml:78:25-89
94            </intent-filter>
95
96            <meta-data
96-->src/main/AndroidManifest.xml:80:13-82:72
97                android:name="android.accessibilityservice"
97-->src/main/AndroidManifest.xml:81:17-60
98                android:resource="@xml/accessibility_service_config" />
98-->src/main/AndroidManifest.xml:82:17-69
99        </service>
100
101        <!--
102            AppBlockService: Foreground service to keep app alive
103            Runs persistently in background
104        -->
105        <service
105-->src/main/AndroidManifest.xml:89:9-92:56
106            android:name="com.example.detox.service.AppBlockService"
106-->src/main/AndroidManifest.xml:90:13-52
107            android:exported="false"
107-->src/main/AndroidManifest.xml:91:13-37
108            android:foregroundServiceType="dataSync" />
108-->src/main/AndroidManifest.xml:92:13-53
109
110        <provider
110-->[androidx.emoji2:emoji2:1.2.0] AndroidManifest.xml:24:9-32:20
111            android:name="androidx.startup.InitializationProvider"
111-->[androidx.emoji2:emoji2:1.2.0] AndroidManifest.xml:25:13-67
112            android:authorities="com.example.detox.androidx-startup"
112-->[androidx.emoji2:emoji2:1.2.0] AndroidManifest.xml:26:13-68
113            android:exported="false" >
113-->[androidx.emoji2:emoji2:1.2.0] AndroidManifest.xml:27:13-37
114            <meta-data
114-->[androidx.emoji2:emoji2:1.2.0] AndroidManifest.xml:29:13-31:52
115                android:name="androidx.emoji2.text.EmojiCompatInitializer"
115-->[androidx.emoji2:emoji2:1.2.0] AndroidManifest.xml:30:17-75
116                android:value="androidx.startup" />
116-->[androidx.emoji2:emoji2:1.2.0] AndroidManifest.xml:31:17-49
117            <meta-data
117-->[androidx.lifecycle:lifecycle-process:2.7.0] AndroidManifest.xml:29:13-31:52
118                android:name="androidx.lifecycle.ProcessLifecycleInitializer"
118-->[androidx.lifecycle:lifecycle-process:2.7.0] AndroidManifest.xml:30:17-78
119                android:value="androidx.startup" />
119-->[androidx.lifecycle:lifecycle-process:2.7.0] AndroidManifest.xml:31:17-49
120            <meta-data
120-->[androidx.profileinstaller:profileinstaller:1.3.0] AndroidManifest.xml:29:13-31:52
121                android:name="androidx.profileinstaller.ProfileInstallerInitializer"
121-->[androidx.profileinstaller:profileinstaller:1.3.0] AndroidManifest.xml:30:17-85
122                android:value="androidx.startup" />
122-->[androidx.profileinstaller:profileinstaller:1.3.0] AndroidManifest.xml:31:17-49
123        </provider>
124
125        <receiver
125-->[androidx.profileinstaller:profileinstaller:1.3.0] AndroidManifest.xml:34:9-52:20
126            android:name="androidx.profileinstaller.ProfileInstallReceiver"
126-->[androidx.profileinstaller:profileinstaller:1.3.0] AndroidManifest.xml:35:13-76
127            android:directBootAware="false"
127-->[androidx.profileinstaller:profileinstaller:1.3.0] AndroidManifest.xml:36:13-44
128            android:enabled="true"
128-->[androidx.profileinstaller:profileinstaller:1.3.0] AndroidManifest.xml:37:13-35
129            android:exported="true"
129-->[androidx.profileinstaller:profileinstaller:1.3.0] AndroidManifest.xml:38:13-36
130            android:permission="android.permission.DUMP" >
130-->[androidx.profileinstaller:profileinstaller:1.3.0] AndroidManifest.xml:39:13-57
131            <intent-filter>
131-->[androidx.profileinstaller:profileinstaller:1.3.0] AndroidManifest.xml:40:13-42:29
132                <action android:name="androidx.profileinstaller.action.INSTALL_PROFILE" />
132-->[androidx.profileinstaller:profileinstaller:1.3.0] AndroidManifest.xml:41:17-91
132-->[androidx.profileinstaller:profileinstaller:1.3.0] AndroidManifest.xml:41:25-88
133            </intent-filter>
134            <intent-filter>
134-->[androidx.profileinstaller:profileinstaller:1.3.0] AndroidManifest.xml:43:13-45:29
135                <action android:name="androidx.profileinstaller.action.SKIP_FILE" />
135-->[androidx.profileinstaller:profileinstaller:1.3.0] AndroidManifest.xml:44:17-85
135-->[androidx.profileinstaller:profileinstaller:1.3.0] AndroidManifest.xml:44:25-82
136            </intent-filter>
137            <intent-filter>
137-->[androidx.profileinstaller:profileinstaller:1.3.0] AndroidManifest.xml:46:13-48:29
138                <action android:name="androidx.profileinstaller.action.SAVE_PROFILE" />
138-->[androidx.profileinstaller:profileinstaller:1.3.0] AndroidManifest.xml:47:17-88
138-->[androidx.profileinstaller:profileinstaller:1.3.0] AndroidManifest.xml:47:25-85
139            </intent-filter>
140            <intent-filter>
140-->[androidx.profileinstaller:profileinstaller:1.3.0] AndroidManifest.xml:49:13-51:29
141                <action android:name="androidx.profileinstaller.action.BENCHMARK_OPERATION" />
141-->[androidx.profileinstaller:profileinstaller:1.3.0] AndroidManifest.xml:50:17-95
141-->[androidx.profileinstaller:profileinstaller:1.3.0] AndroidManifest.xml:50:25-92
142            </intent-filter>
143        </receiver>
144    </application>
145
146</manifest>